Login request received
Received Data: null
Error: No JSON data received
Login request received
Received Data: {"email":"stadlerkieran@gmail.com","password":"password123!"}
Searching for user: stadlerkieran@gmail.com
User found: {"id":3,"first_name":"Kieran","email":"stadlerkieran@gmail.com","password_hash":"password123!"}
Login successful for: stadlerkieran@gmail.com
Login request received
Received Data: null
Error: No JSON data received
Login request received
Received Data: {"email":"stadlerkieran@gmail.com","password":"password123!"}
Searching for user: stadlerkieran@gmail.com
User found: {"id":3,"first_name":"Kieran","email":"stadlerkieran@gmail.com","password_hash":"password123!"}
Login successful for: stadlerkieran@gmail.com
Login request received
Received Data: null
Error: No JSON data received
Login request received
Received Data: {"email":"stadlerkieran@gmail.com","password":"password123!"}
Searching for user: stadlerkieran@gmail.com
User found: {"id":3,"first_name":"Kieran","email":"stadlerkieran@gmail.com","password_hash":"password123!"}
Login successful for: stadlerkieran@gmail.com
Login request received
Received Data: null
Error: No JSON data received
Login request received
Received Data: {"email":"stadlerkieran@gmail.com","password":"password123!"}
Searching for user: stadlerkieran@gmail.com
User found: {"id":3,"first_name":"Kieran","email":"stadlerkieran@gmail.com","password_hash":"password123!"}
Login successful for: stadlerkieran@gmail.com
Login request received
Received Data: null
Error: No JSON data received
Login request received
Received Data: {"email":"stadlerkieran@gmail.com","password":"password123!"}
Searching for user: stadlerkieran@gmail.com
User found: {"id":3,"first_name":"Kieran","email":"stadlerkieran@gmail.com","password_hash":"password123!"}
Login successful for: stadlerkieran@gmail.com
Login request received
Received Data: null
Error: No JSON data received
Login request received
Received Data: {"email":"stadlerkieran@gmail.com","password":"password123!"}
Searching for user: stadlerkieran@gmail.com
User found: {"id":3,"first_name":"Kieran","email":"stadlerkieran@gmail.com","password_hash":"password123!"}
Login successful for: stadlerkieran@gmail.com
Login request received
Received Data: null
Error: No JSON data received
Login request received
Received Data: {"email":"stadlerkieran@gmail.com","password":"password123!"}
Searching for user: stadlerkieran@gmail.com
User found: {"id":3,"first_name":"Kieran","email":"stadlerkieran@gmail.com","password_hash":"password123!"}
Login successful for: stadlerkieran@gmail.com
Login request received
Received Data: null
Error: No JSON data received
Login request received
Received Data: {"email":"stadlerkieran@gmail.com","password":"password123!"}
Searching for user: stadlerkieran@gmail.com
User found: {"id":3,"first_name":"Kieran","email":"stadlerkieran@gmail.com","password_hash":"password123!"}
Login successful for: stadlerkieran@gmail.com
Login request received
Received Data: null
Error: No JSON data received
Login request received
Received Data: {"email":"stadlerkieran@gmail.com","password":"password123!"}
Searching for user: stadlerkieran@gmail.com
User found: {"id":3,"first_name":"Kieran","email":"stadlerkieran@gmail.com","password_hash":"password123!"}
Login successful for: stadlerkieran@gmail.com
Login request received
Received Data: null
Error: No JSON data received
Login request received
Received Data: {"email":"stadlerkieran@gmail.com","password":"password123!"}
Searching for user: stadlerkieran@gmail.com
User found: {"id":3,"first_name":"Kieran","email":"stadlerkieran@gmail.com","password_hash":"password123!"}
Login successful for: stadlerkieran@gmail.com
Login request received
Received Data: null
Error: No JSON data received
Login request received
Received Data: {"email":"stadlerkieran@gmail.com","password":"password123!"}
Searching for user: stadlerkieran@gmail.com
User found: {"id":3,"first_name":"Kieran","email":"stadlerkieran@gmail.com","password_hash":"password123!"}
Login successful for: stadlerkieran@gmail.com
Login request received
Received Data: null
Error: No JSON data received
Login request received
Received Data: {"email":"stadlerkieran@gmail.com","password":"password123!"}
Searching for user: stadlerkieran@gmail.com
User found: {"id":3,"first_name":"Kieran","email":"stadlerkieran@gmail.com","password_hash":"password123!"}
Login successful for: stadlerkieran@gmail.com
Login request received
Received Data: null
Error: No JSON data received
Login request received
Received Data: {"email":"stadlerkieran@gmail.com","password":"password123!"}
Searching for user: stadlerkieran@gmail.com
User found: {"id":3,"first_name":"Kieran","email":"stadlerkieran@gmail.com","password_hash":"password123!"}
Login successful for: stadlerkieran@gmail.com
Login request received
Received Data: null
Error: No JSON data received
Login request received
Received Data: {"email":"stadlerkieran@gmail.com","password":"password123!"}
Searching for user: stadlerkieran@gmail.com
User found: {"id":3,"first_name":"Kieran","email":"stadlerkieran@gmail.com","password_hash":"password123!"}
Login successful for: stadlerkieran@gmail.com
Login request received
Received Data: null
Error: No JSON data received
Login request received
Received Data: {"email":"stadlerkieran@gmail.com","password":"password123!"}
Searching for user: stadlerkieran@gmail.com
User found: {"id":3,"first_name":"Kieran","email":"stadlerkieran@gmail.com","password_hash":"password123!"}
Login successful for: stadlerkieran@gmail.com
Login request received
Received Data: null
Error: No JSON data received
Login request received
Received Data: {"email":"stadlerkieran@gmail.com","password":"password123!"}
Searching for user: stadlerkieran@gmail.com
User found: {"id":3,"first_name":"Kieran","email":"stadlerkieran@gmail.com","password_hash":"password123!"}
Login successful for: stadlerkieran@gmail.com
Login request received
Received Data: null
Error: No JSON data received
Login request received
Received Data: {"email":"stadlerkieran@gmail.com","password":"password123!"}
Searching for user: stadlerkieran@gmail.com
User found: {"id":3,"first_name":"Kieran","email":"stadlerkieran@gmail.com","password_hash":"password123!"}
Login successful for: stadlerkieran@gmail.com
Login request received
Received Data: null
Error: No JSON data received
Login request received
Received Data: {"email":"stads@mweb.co.za","password":"admin01!"}
Searching for user: stads@mweb.co.za
User found: {"id":5,"first_name":"Adrian","email":"stads@mweb.co.za","password_hash":"admin01!"}
Login successful for: stads@mweb.co.za
Login request received
Received Data: null
Error: No JSON data received
Login request received
Received Data: {"email":"stads@mweb.co.za","password":"admin01!"}
Searching for user: stads@mweb.co.za
User found: {"id":5,"first_name":"Adrian","email":"stads@mweb.co.za","password_hash":"admin01!"}
Login successful for: stads@mweb.co.za
Login request received
Received Data: null
Error: No JSON data received
Login request received
Received Data: {"email":"stads@mweb.co.za","password":"admin01!"}
Searching for user: stads@mweb.co.za
User found: {"id":5,"first_name":"Adrian","email":"stads@mweb.co.za","password_hash":"admin01!"}
Login successful for: stads@mweb.co.za
Login request received
Received Data: null
Error: No JSON data received
Login request received
Received Data: {"email":"stadlerkieran@gmail.com","password":"password123!"}
Searching for user: stadlerkieran@gmail.com
User found: {"id":3,"first_name":"Kieran","email":"stadlerkieran@gmail.com","password_hash":"password123!"}
Login successful for: stadlerkieran@gmail.com
Login request received
Received Data: null
Error: No JSON data received
Login request received
Received Data: {"email":"luca@idk.com","password":"admin01!"}
Searching for user: luca@idk.com
User found: {"id":6,"first_name":"luce","email":"luca@idk.com","password_hash":"admin01!"}
Login successful for: luca@idk.com
Login request received
Received Data: null
Error: No JSON data received
Login request received
Received Data: {"email":"stadlerkieran@gmail.com","password":"password123!"}
Searching for user: stadlerkieran@gmail.com
User found: {"id":3,"first_name":"Kieran","email":"stadlerkieran@gmail.com","password_hash":"password123!"}
Login successful for: stadlerkieran@gmail.com
Login request received
Received Data: null
Error: No JSON data received
Login request received
Received Data: {"email":"dsagvyhvbdyu@vhusdujv.com","password":"admin01!"}
Searching for user: dsagvyhvbdyu@vhusdujv.com
User found: {"id":7,"first_name":"adrian","email":"dsagvyhvbdyu@vhusdujv.com","password_hash":"admin01!"}
Login successful for: dsagvyhvbdyu@vhusdujv.com
Login request received
Received Data: null
Error: No JSON data received
Login request received
Received Data: {"email":"dylan@example.com","password":"admin01!"}
Searching for user: dylan@example.com
User found: {"id":8,"first_name":"Poeskop","email":"dylan@example.com","password_hash":"admin01!"}
Login successful for: dylan@example.com
Login request received
Received Data: null
Error: No JSON data received
Login request received
Received Data: {"email":"stadlerkieran@gmail.com","password":"password123!"}
Searching for user: stadlerkieran@gmail.com
User found: {"id":3,"first_name":"Kieran","email":"stadlerkieran@gmail.com","password_hash":"password123!"}
Login successful for: stadlerkieran@gmail.com
Login request received
Received Data: null
Error: No JSON data received
Login request received
Received Data: {"email":"luke@gmail.com","password":"password123!"}
Searching for user: luke@gmail.com
User found: {"id":9,"first_name":"Luke","email":"luke@gmail.com","password_hash":"password123!"}
Login successful for: luke@gmail.com
